<?xml version="1.0" encoding="UTF-8"?>
<!-- Generated by org.testng.reporters.JUnitReportReporter -->
<testsuite skipped="0" hostname="LAPTOP-38L647O8" name="testcases.TC_023" tests="1" failures="0" timestamp="2022-06-11T17:58:10 EDT" time="13.291" errors="0">
  <testcase name="TC_023" time="13.291" classname="testcases.TC_023"/>
  <system-out/>
</testsuite> <!-- testcases.TC_023 -->
