<?xml version="1.0" encoding="UTF-8"?>
<!-- Generated by org.testng.reporters.JUnitReportReporter -->
<testsuite skipped="0" hostname="LAPTOP-38L647O8" name="testcases.TC_016" tests="1" failures="0" timestamp="2022-06-11T17:58:10 EDT" time="2.687" errors="0">
  <testcase name="TC_016" time="2.687" classname="testcases.TC_016"/>
  <system-out/>
</testsuite> <!-- testcases.TC_016 -->
