<?xml version="1.0" encoding="UTF-8"?>
<!-- Generated by org.testng.reporters.JUnitReportReporter -->
<testsuite skipped="0" hostname="LAPTOP-38L647O8" name="testcases.TC_019" tests="1" failures="0" timestamp="2022-06-11T17:58:10 EDT" time="2.795" errors="0">
  <testcase name="TC_019" time="2.795" classname="testcases.TC_019"/>
  <system-out/>
</testsuite> <!-- testcases.TC_019 -->
