<?xml version="1.0" encoding="UTF-8"?>
<!-- Generated by org.testng.reporters.JUnitReportReporter -->
<testsuite skipped="0" hostname="LAPTOP-38L647O8" name="testcases.TC_014" tests="1" failures="0" timestamp="2022-06-11T17:58:10 EDT" time="3.288" errors="0">
  <testcase name="TC_014" time="3.288" classname="testcases.TC_014"/>
  <system-out/>
</testsuite> <!-- testcases.TC_014 -->
