<?xml version="1.0" encoding="UTF-8"?>
<!-- Generated by org.testng.reporters.JUnitReportReporter -->
<testsuite hostname="LAPTOP-38L647O8" failures="0" tests="2" name="testCases.TC_006_CustomerIdVerification" time="1.890" errors="0" timestamp="2022-05-30T22:20:16 EDT" skipped="0">
  <testcase classname="testCases.TC_006_CustomerIdVerification" name="Guru99_TC006_CustomerIdVerification" time="0.572"/>
  <system-out/>
  <testcase classname="testCases.TC_006_CustomerIdVerification" name="Guru99_TC006_CustomerIdVerification" time="1.318"/>
  <system-out/>
</testsuite> <!-- testCases.TC_006_CustomerIdVerification -->
