<?xml version="1.0" encoding="UTF-8"?>
<!-- Generated by org.testng.reporters.JUnitReportReporter -->
<testsuite hostname="LAPTOP-38L647O8" failures="0" tests="1" name="testCases.TC_004_AddNewCustomerEmail" time="1.393" errors="0" timestamp="2022-05-30T22:20:16 EDT" skipped="0">
  <testcase classname="testCases.TC_004_AddNewCustomerEmail" name="GURU_TC_004_AddNewCustomerEmail" time="1.393"/>
  <system-out/>
</testsuite> <!-- testCases.TC_004_AddNewCustomerEmail -->
