<?xml version="1.0" encoding="UTF-8"?>
<!-- Generated by org.testng.reporters.JUnitReportReporter -->
<testsuite hostname="LAPTOP-38L647O8" failures="0" tests="1" name="orangeHrmTestcases.TC_001_ValidLogin" time="2.558" errors="0" timestamp="2022-06-08T14:43:12 EDT" skipped="0">
  <testcase classname="orangeHrmTestcases.TC_001_ValidLogin" name="OrangeHrm_TC001_login" time="2.558"/>
  <system-out/>
</testsuite> <!-- orangeHrmTestcases.TC_001_ValidLogin -->
