<?xml version="1.0" encoding="UTF-8"?>
<!-- Generated by org.testng.reporters.JUnitReportReporter -->
<testsuite hostname="LAPTOP-38L647O8" failures="0" tests="1" name="orangeHrmTestcases.TC_006_SearchInvalidUser" time="4.158" errors="0" timestamp="2022-06-05T18:35:57 EDT" skipped="0">
  <testcase classname="orangeHrmTestcases.TC_006_SearchInvalidUser" name="OrangeHrm_TC006_invalidUser" time="4.158"/>
  <system-out/>
</testsuite> <!-- orangeHrmTestcases.TC_006_SearchInvalidUser -->
