<?xml version="1.0" encoding="UTF-8"?>
<!-- Generated by org.testng.reporters.JUnitReportReporter -->
<testsuite skipped="0" hostname="LAPTOP-38L647O8" name="orangeHrmTestcases.TC_008_UploadCandidateResume" tests="1" failures="0" timestamp="2022-06-05T12:47:02 EDT" time="3.863" errors="0">
  <testcase name="TC_009_candidateResumeUpload" time="3.863" classname="orangeHrmTestcases.TC_008_UploadCandidateResume"/>
  <system-out/>
</testsuite> <!-- orangeHrmTestcases.TC_008_UploadCandidateResume -->
