<?xml version="1.0" encoding="UTF-8"?>
<!-- Generated by org.testng.reporters.JUnitReportReporter -->
<testsuite hostname="LAPTOP-38L647O8" failures="0" tests="1" name="orangeHrmTestcases.TC_006_SearchInvalidUser" time="5.180" errors="0" timestamp="2022-06-08T14:43:12 EDT" skipped="0">
  <testcase classname="orangeHrmTestcases.TC_006_SearchInvalidUser" name="OrangeHrm_TC006_invalidUser" time="5.180"/>
  <system-out/>
</testsuite> <!-- orangeHrmTestcases.TC_006_SearchInvalidUser -->
