<?xml version="1.0" encoding="UTF-8"?>
<!-- Generated by org.testng.reporters.JUnitReportReporter -->
<testsuite skipped="0" hostname="LAPTOP-38L647O8" name="orangeHrmTestcases.TC_006_SearchInvalidUser" tests="1" failures="0" timestamp="2022-06-05T12:47:02 EDT" time="4.731" errors="0">
  <testcase name="OrangeHrm_TC006_invalidUser" time="4.731" classname="orangeHrmTestcases.TC_006_SearchInvalidUser"/>
  <system-out/>
</testsuite> <!-- orangeHrmTestcases.TC_006_SearchInvalidUser -->
