<?xml version="1.0" encoding="UTF-8"?>
<!-- Generated by org.testng.reporters.JUnitReportReporter -->
<testsuite skipped="0" hostname="LAPTOP-38L647O8" name="orangeHrmTestcases.TC_003_LogOut" tests="1" failures="0" timestamp="2022-06-05T12:47:02 EDT" time="5.142" errors="0">
  <testcase name="OrangeHrm_TC003_logOut" time="5.142" classname="orangeHrmTestcases.TC_003_LogOut"/>
  <system-out/>
</testsuite> <!-- orangeHrmTestcases.TC_003_LogOut -->
