<?xml version="1.0" encoding="UTF-8"?>
<!-- Generated by org.testng.reporters.JUnitReportReporter -->
<testsuite skipped="0" hostname="LAPTOP-38L647O8" name="orangeHrmTestcases.TC_007_Candidatecalendar" tests="1" failures="0" timestamp="2022-06-05T12:47:02 EDT" time="4.093" errors="0">
  <testcase name="TC_008_candidateCalendar" time="4.093" classname="orangeHrmTestcases.TC_007_Candidatecalendar"/>
  <system-out/>
</testsuite> <!-- orangeHrmTestcases.TC_007_Candidatecalendar -->
