<?xml version="1.0" encoding="UTF-8"?>
<!-- Generated by org.testng.reporters.JUnitReportReporter -->
<testsuite hostname="LAPTOP-38L647O8" failures="0" tests="1" name="orangeHrmTestcases.TC_008_UploadCandidateResume" time="4.175" errors="0" timestamp="2022-06-08T14:43:12 EDT" skipped="0">
  <testcase classname="orangeHrmTestcases.TC_008_UploadCandidateResume" name="TC_009_candidateResumeUpload" time="4.175"/>
  <system-out/>
</testsuite> <!-- orangeHrmTestcases.TC_008_UploadCandidateResume -->
