<?xml version="1.0" encoding="UTF-8"?>
<!-- Generated by org.testng.reporters.JUnitReportReporter -->
<testsuite skipped="0" hostname="LAPTOP-38L647O8" name="orangeHrmTestcases.TC_005_DeleteWorkShift" tests="1" failures="0" timestamp="2022-06-05T12:47:02 EDT" time="4.814" errors="0">
  <testcase name="OrangeHrm_TC_005_DeleteWorkShift" time="4.814" classname="orangeHrmTestcases.TC_005_DeleteWorkShift"/>
  <system-out/>
</testsuite> <!-- orangeHrmTestcases.TC_005_DeleteWorkShift -->
