<?xml version="1.0" encoding="UTF-8"?>
<!-- Generated by org.testng.reporters.JUnitReportReporter -->
<testsuite hostname="LAPTOP-38L647O8" failures="0" tests="1" name="orangeHrmTestcases.TC_003_LogOut" time="4.775" errors="0" timestamp="2022-06-05T18:35:57 EDT" skipped="0">
  <testcase classname="orangeHrmTestcases.TC_003_LogOut" name="OrangeHrm_TC003_logOut" time="4.775"/>
  <system-out/>
</testsuite> <!-- orangeHrmTestcases.TC_003_LogOut -->
