<?xml version="1.0" encoding="UTF-8"?>
<!-- Generated by org.testng.reporters.JUnitReportReporter -->
<testsuite hostname="LAPTOP-38L647O8" failures="0" tests="1" name="orangeHrmTestcases.TC_007_Candidatecalendar" time="2.970" errors="0" timestamp="2022-06-05T18:35:57 EDT" skipped="0">
  <testcase classname="orangeHrmTestcases.TC_007_Candidatecalendar" name="TC_008_candidateCalendar" time="2.970"/>
  <system-out/>
</testsuite> <!-- orangeHrmTestcases.TC_007_Candidatecalendar -->
